<?xml version="1.0" encoding="UTF-8"?>
<testsuite xmlns:xsi="http://www.w3.org/2001/XMLSchema-instance" xsi:noNamespaceSchemaLocation="https://maven.apache.org/surefire/maven-surefire-plugin/xsd/surefire-test-report-3.0.xsd" version="3.0" name="com.kmp.KMPTest" time="0.16" tests="4" errors="0" skipped="0" failures="0">
  <properties>
[...]
</properties>
  <testcase name="testSearchPatternInText(ISearchEngine)[1]" classname="com.kmp.KMPTest" time="0.081"/>
  <testcase name="testSearchPatternInText(ISearchEngine)[2]" classname="com.kmp.KMPTest" time="0.003"/>
  <testcase name="testSearchPatternInEmptyText(ISearchEngine)[1]" classname="com.kmp.KMPTest" time="0.001"/>
  <testcase name="testSearchPatternInEmptyText(ISearchEngine)[2]" classname="com.kmp.KMPTest" time="0"/>
</testsuite>